<?xml version="1.0" encoding="UTF-8"?>
<testsuite name="de.fraunhofer.iese.ids.odrl.pap.spook.ExampleSpec" tests="1" skipped="0" failures="1" errors="0" timestamp="2021-02-03T12:20:09" hostname="DESKTOP-6EHOESE" time="0.147">
  <properties/>
  <testcase name="Simple test assertion" classname="de.fraunhofer.iese.ids.odrl.pap.spook.ExampleSpec" time="0.147">
    <failure message="Condition not satisfied:&#10;&#10;1==0&#10; |&#10; false&#10;" type="org.spockframework.runtime.SpockComparisonFailure">Condition not satisfied:

1==0
 |
 false

	at de.fraunhofer.iese.ids.odrl.pap.spook.ExampleSpec.Simple test assertion(ExampleSpec.groovy:8)
</failure>
  </testcase>
  <system-out><![CDATA[]]></system-out>
  <system-err><![CDATA[]]></system-err>
</testsuite>
