<?xml version="1.0" encoding="UTF-8"?>
<testsuite name="ProvideAccessSpec" tests="1" skipped="0" failures="0" errors="0" timestamp="2021-02-25T15:07:29" hostname="DESKTOP-6EHOESE" time="7.381">
  <properties/>
  <testcase name="Provide Access with Event Component" classname="ProvideAccessSpec" time="7.381"/>
  <system-out><![CDATA[]]></system-out>
  <system-err><![CDATA[Starting ChromeDriver 2.36.540470 (e522d04694c7ebea4ba8821272dbef4f9b818c91) on port 20652
Only local connections are allowed.
Feb. 25, 2021 4:07:32 PM org.openqa.selenium.remote.ProtocolHandshake createSession
INFO: Detected dialect: OSS
]]></system-err>
</testsuite>
