<?xml version="1.0" encoding="UTF-8"?>
<testsuite name="ProvideAccessSpec" tests="1" skipped="0" failures="0" errors="0" timestamp="2021-02-09T17:27:37" hostname="DESKTOP-6EHOESE" time="6.696">
  <properties/>
  <testcase name="Provide Access with Payment Component" classname="ProvideAccessSpec" time="6.696"/>
  <system-out><![CDATA[]]></system-out>
  <system-err><![CDATA[Starting ChromeDriver 2.36.540470 (e522d04694c7ebea4ba8821272dbef4f9b818c91) on port 39348
Only local connections are allowed.
Feb. 09, 2021 6:27:41 PM org.openqa.selenium.remote.ProtocolHandshake createSession
INFO: Detected dialect: OSS
]]></system-err>
</testsuite>
